2025-07-29 22:27:24,444 - INFO - 字段不足: |be obliged'to sb (for…….)(因…)而感激某人|NULL|-1|consider|
2025-07-29 22:27:24,444 - INFO - 字段不足: |observe'/ab'z3.v/vt.观察，注意到|NULL|0|NULL|
2025-07-29 22:27:24,445 - INFO - 字段不足: |observe ... do(全过程或经常)/|NULL|-1|observe|
2025-07-29 22:27:24,445 - INFO - 字段不足: |doing (正在做)/|NULL|-1|NULL|
2025-07-29 22:27:24,445 - INFO - 字段不足: |done(被动)/|NULL|-1|NULL|
2025-07-29 22:27:24,446 - INFO - 字段不足: |observation' n.观察，注意|NULL|0|NULL|
2025-07-29 22:27:24,446 - INFO - 字段不足: |keep sb under observation 监视某人|NULL|-1|NULL|
2025-07-29 22:27:24,447 - INFO - 字段不足: |the observation deck of the Oriental Pearl TV Tower 东方明珠的观光层|NULL|-1|NULL|
2025-07-29 22:27:24,448 - INFO - 字段不足: |observation²( n. )about ... 对(所注意到的事物)的评论|NULL|0|NULL|
2025-07-29 22:27:24,449 - INFO - 字段不足: |observer r n.观察员|NULL|0|NULL|
2025-07-29 22:27:24,449 - INFO - 字段不足: |observatory n.天文台|NULL|0|NULL|
2025-07-29 22:27:24,450 - INFO - 字段不足: |observe2~3 vt.庆祝；遵守(法律，规则等)|NULL|0|NULL|
2025-07-29 22:27:24,450 - INFO - 字段不足: |observance'-2 n.庆祝；遵守|NULL|0|NULL|
2025-07-29 22:27:24,451 - INFO - 字段不足: |obsess/ab'ses/v.痴迷，迷恋|NULL|0|NULL|
2025-07-29 22:27:24,451 - INFO - 字段不足: |be obsessed with 对……痴迷/迷恋|NULL|-1|obsess|
2025-07-29 22:27:24,452 - INFO - 字段不足: |Dbsesslom 还，还芯|NULL|0|NULL|
2025-07-29 22:27:24,452 - INFO - 字段不足: |obstacle /pbstakl/ n. 障碍|NULL|0|NULL|
2025-07-29 22:27:24,453 - INFO - 字段不足: |the obstacle to doing / sth……的障碍|NULL|-1|obstacle|
2025-07-29 22:27:24,453 - INFO - 字段不足: |obtain/ab'ten/vt. 获得，得到|NULL|0|NULL|
2025-07-29 22:27:24,454 - INFO - 字段不足: |obvious/'pbvies/ adj.明显的，显然的|NULL|0|NULL|
2025-07-29 22:27:24,455 - INFO - 字段不足: |It is obvious to all that ... 有目共睹的是…|NULL|1|NULL|
2025-07-29 22:27:24,455 - INFO - 字段不足: |occasion/a'kerz(=)n/n. 场合；时刻|NULL|0|NULL|
2025-07-29 22:27:24,456 - INFO - 字段不足: |on the occasion of ... 在……的场合/时刻|NULL|-1|occasion|
2025-07-29 22:27:24,456 - INFO - 字段不足: |on occasion 偶尔，有时，间或=|NULL|-1|NULL|
2025-07-29 22:27:24,456 - INFO - 字段不足: |occasionally adv. the occasion for ...…的时机|NULL|0|NULL|
2025-07-29 22:27:24,457 - INFO - 字段不足: |occasional !adj. 偶尔的，不经常的|NULL|0|NULL|
2025-07-29 22:27:24,457 - INFO - 字段不足: |occupy' / 'pkjupar/vt.占据，占有；使忙碌|NULL|0|NULL|
2025-07-29 22:27:24,458 - INFO - 字段不足: |be occupied with sth，be occupied ( in) doing 忙|NULL|-1|occupy|
2025-07-29 22:27:24,458 - INFO - 字段不足: |occupation1~2 n.占据，占有；职业，工作|NULL|0|NULL|
2025-07-29 22:27:24,458 - INFO - 字段不足: |occur'/ a'ke：/vi.发生(-rT-)|NULL|0|NULL|
2025-07-29 22:27:24,459 - INFO - 字段不足: |occurrence n.发生|NULL|0|NULL|
2025-07-29 22:27:24,459 - INFO - 字段不足: |It occurs' to sb that ...， sth occurs'to sb. 某人(突然)想到……|NULL|1|NULL|
2025-07-29 22:27:24,460 - INFO - 字段不足: |odd / pd/ adj. 奇怪的；奇数的；零散的(工作)|NULL|0|NULL|
2025-07-29 22:27:24,460 - INFO - 字段不足: |do odd jobs 打零工|NULL|-1|NULL|
2025-07-29 22:27:24,460 - INFO - 字段不足: |odds/pdz/n.[pl.]可能性|NULL|0|NULL|
2025-07-29 22:27:24,461 - INFO - 字段不足: |at odds with …. 与……不一致|NULL|-1|odds|
2025-07-29 22:27:24,461 - INFO - 字段不足: |offend'/ 'fend/ vt. 触怒，得罪，冒犯|NULL|0|NULL|
2025-07-29 22:27:24,461 - INFO - 字段不足: |offence n n.冒犯，得罪|NULL|0|NULL|
2025-07-29 22:27:24,462 - INFO - 字段不足: |mean no offence 没有冒犯之意|NULL|-1|NULL|
2025-07-29 22:27:24,462 - INFO - 字段不足: |take offence at sth 对( 某事)生气|NULL|-1|NULL|
2025-07-29 22:27:24,463 - INFO - 字段不足: |offensive adj、冒犯人的|NULL|0|NULL|
2025-07-29 22:27:24,463 - INFO - 字段不足: |offend vi、犯罪，违法|NULL|0|NULL|
2025-07-29 22:27:24,464 - INFO - 字段不足: |offence² n n.犯罪行为，违法行为|NULL|0|NULL|
2025-07-29 22:27:24,464 - INFO - 字段不足: |offend(v.)against ... 有悖于(道德，人情)|NULL|-1|NULL|
2025-07-29 22:27:24,464 - INFO - 字段不足: |offer'/'pfa/ vt. / n.提供|NULL|0|NULL|
2025-07-29 22:27:24,465 - INFO - 字段不足: |offer sb sth/ sth to sb 提供某人某物|NULL|-1|offer|
2025-07-29 22:27:24,465 - INFO - 字段不足: |take the job offer 接受这份工作|NULL|1|NULL|
2025-07-29 22:27:24,466 - INFO - 字段不足: |the offerings (n.) of the natural world 自然世界的馈赠|NULL|-1|NULL|
2025-07-29 22:27:24,466 - INFO - 字段不足: |offer ( v. ) to do 主动提出做……|NULL|-1|offer|
2025-07-29 22:27:24,467 - INFO - 字段不足: |open(v.)，be open (adj.) 表示“开着的状态”|NULL|1|NULL|
2025-07-29 22:27:24,468 - INFO - 字段不足: |open(v.)，be opened (被动) 表示“开的动作”|NULL|1|NULL|
2025-07-29 22:27:35,370 - INFO - 字段不足: |be obliged'to sb (for…….)(因…)而感激某人|NULL|-1|consider|
2025-07-29 22:27:35,370 - INFO - 字段不足: |observe'/ab'z3.v/vt.观察，注意到|NULL|0|NULL|
2025-07-29 22:27:35,371 - INFO - 字段不足: |observe ... do(全过程或经常)/|NULL|-1|observe|
2025-07-29 22:27:35,372 - INFO - 字段不足: |doing (正在做)/|NULL|-1|NULL|
2025-07-29 22:27:35,372 - INFO - 字段不足: |done(被动)/|NULL|-1|NULL|
2025-07-29 22:27:35,372 - INFO - 字段不足: |observation' n.观察，注意|NULL|0|NULL|
2025-07-29 22:27:35,373 - INFO - 字段不足: |keep sb under observation 监视某人|NULL|-1|NULL|
2025-07-29 22:27:35,373 - INFO - 字段不足: |the observation deck of the Oriental Pearl TV Tower 东方明珠的观光层|NULL|-1|NULL|
2025-07-29 22:27:35,373 - INFO - 字段不足: |observation²( n. )about ... 对(所注意到的事物)的评论|NULL|0|NULL|
2025-07-29 22:27:35,374 - INFO - 字段不足: |observer r n.观察员|NULL|0|NULL|
2025-07-29 22:27:35,374 - INFO - 字段不足: |observatory n.天文台|NULL|0|NULL|
2025-07-29 22:27:35,374 - INFO - 字段不足: |observe2~3 vt.庆祝；遵守(法律，规则等)|NULL|0|NULL|
2025-07-29 22:27:35,375 - INFO - 字段不足: |observance'-2 n.庆祝；遵守|NULL|0|NULL|
2025-07-29 22:27:35,375 - INFO - 字段不足: |obsess/ab'ses/v.痴迷，迷恋|NULL|0|NULL|
2025-07-29 22:27:35,376 - INFO - 字段不足: |be obsessed with 对……痴迷/迷恋|NULL|-1|obsess|
2025-07-29 22:27:35,376 - INFO - 字段不足: |Dbsesslom 还，还芯|NULL|0|NULL|
2025-07-29 22:27:35,376 - INFO - 字段不足: |obstacle /pbstakl/ n. 障碍|NULL|0|NULL|
2025-07-29 22:27:35,377 - INFO - 字段不足: |the obstacle to doing / sth……的障碍|NULL|-1|obstacle|
2025-07-29 22:27:35,377 - INFO - 字段不足: |obtain/ab'ten/vt. 获得，得到|NULL|0|NULL|
2025-07-29 22:27:35,378 - INFO - 字段不足: |obvious/'pbvies/ adj.明显的，显然的|NULL|0|NULL|
2025-07-29 22:27:35,378 - INFO - 字段不足: |It is obvious to all that ... 有目共睹的是…|NULL|1|NULL|
2025-07-29 22:27:35,378 - INFO - 字段不足: |occasion/a'kerz(=)n/n. 场合；时刻|NULL|0|NULL|
2025-07-29 22:27:35,379 - INFO - 字段不足: |on the occasion of ... 在……的场合/时刻|NULL|-1|occasion|
2025-07-29 22:27:35,379 - INFO - 字段不足: |on occasion 偶尔，有时，间或=|NULL|-1|NULL|
2025-07-29 22:27:35,380 - INFO - 字段不足: |occasionally adv. the occasion for ...…的时机|NULL|0|NULL|
2025-07-29 22:27:35,380 - INFO - 字段不足: |occasional !adj. 偶尔的，不经常的|NULL|0|NULL|
2025-07-29 22:27:35,380 - INFO - 字段不足: |occupy' / 'pkjupar/vt.占据，占有；使忙碌|NULL|0|NULL|
2025-07-29 22:27:35,381 - INFO - 字段不足: |be occupied with sth，be occupied ( in) doing 忙|NULL|-1|occupy|
2025-07-29 22:27:35,381 - INFO - 字段不足: |occupation1~2 n.占据，占有；职业，工作|NULL|0|NULL|
2025-07-29 22:27:35,382 - INFO - 字段不足: |occur'/ a'ke：/vi.发生(-rT-)|NULL|0|NULL|
2025-07-29 22:27:35,382 - INFO - 字段不足: |occurrence n.发生|NULL|0|NULL|
2025-07-29 22:27:35,382 - INFO - 字段不足: |It occurs' to sb that ...， sth occurs'to sb. 某人(突然)想到……|NULL|1|NULL|
2025-07-29 22:27:35,383 - INFO - 字段不足: |odd / pd/ adj. 奇怪的；奇数的；零散的(工作)|NULL|0|NULL|
2025-07-29 22:27:35,383 - INFO - 字段不足: |do odd jobs 打零工|NULL|-1|NULL|
2025-07-29 22:27:35,384 - INFO - 字段不足: |odds/pdz/n.[pl.]可能性|NULL|0|NULL|
2025-07-29 22:27:35,384 - INFO - 字段不足: |at odds with …. 与……不一致|NULL|-1|odds|
2025-07-29 22:27:35,384 - INFO - 字段不足: |offend'/ 'fend/ vt. 触怒，得罪，冒犯|NULL|0|NULL|
2025-07-29 22:27:35,385 - INFO - 字段不足: |offence n n.冒犯，得罪|NULL|0|NULL|
2025-07-29 22:27:35,385 - INFO - 字段不足: |mean no offence 没有冒犯之意|NULL|-1|NULL|
2025-07-29 22:27:35,386 - INFO - 字段不足: |take offence at sth 对( 某事)生气|NULL|-1|NULL|
2025-07-29 22:27:35,386 - INFO - 字段不足: |offensive adj、冒犯人的|NULL|0|NULL|
2025-07-29 22:27:35,387 - INFO - 字段不足: |offend vi、犯罪，违法|NULL|0|NULL|
2025-07-29 22:27:35,387 - INFO - 字段不足: |offence² n n.犯罪行为，违法行为|NULL|0|NULL|
2025-07-29 22:27:35,388 - INFO - 字段不足: |offend(v.)against ... 有悖于(道德，人情)|NULL|-1|NULL|
2025-07-29 22:27:35,388 - INFO - 字段不足: |offer'/'pfa/ vt. / n.提供|NULL|0|NULL|
2025-07-29 22:27:35,388 - INFO - 字段不足: |offer sb sth/ sth to sb 提供某人某物|NULL|-1|offer|
2025-07-29 22:27:35,389 - INFO - 字段不足: |take the job offer 接受这份工作|NULL|1|NULL|
2025-07-29 22:27:35,389 - INFO - 字段不足: |the offerings (n.) of the natural world 自然世界的馈赠|NULL|-1|NULL|
2025-07-29 22:27:35,390 - INFO - 字段不足: |offer ( v. ) to do 主动提出做……|NULL|-1|offer|
2025-07-29 22:27:35,390 - INFO - 字段不足: |open(v.)，be open (adj.) 表示“开着的状态”|NULL|1|NULL|
2025-07-29 22:27:35,390 - INFO - 字段不足: |open(v.)，be opened (被动) 表示“开的动作”|NULL|1|NULL|
2025-07-29 22:28:13,232 - INFO - 字段不足: |take the place of ... [动词性]代替……|NULL|-1|NULL|
2025-07-29 22:28:13,233 - INFO - 字段不足: |in place of ... [介词性]代替……|NULL|-1|NULL|
2025-07-29 22:28:13,233 - INFO - 字段不足: |the plan (n.) for sth/ to do…的计划|NULL|-1|NULL|
2025-07-29 22:28:13,235 - INFO - 字段不足: |in one's prime'(n.)正值壮年|NULL|-1|prime|
2025-07-29 22:28:13,238 - INFO - 字段不足: |piano|钢琴(复数：~
2025-07-29 22:28:13,240 - INFO - 字段不足: |persist in(固执/执着地)坚持做…|NULL|-1|persist|
2025-07-29 22:28:13,241 - INFO - 字段不足: |practitionern.实践者，专门人才；(医学或法律)从业人员|NULL|-1|practise|
2025-07-29 22:28:13,241 - INFO - 字段不足: |prayer n. 祈祷者|NULL|-1|NULL|
2025-07-29 22:28:13,241 - INFO - 字段不足: |precious/'prefes/adj.宝贵的，珍贵的|NULL|-1|NULL|
2025-07-29 22:28:13,242 - INFO - 字段不足: |precise / pri'sais/ adj.精确的，准确的|NULL|-1|NULL|
2025-07-29 22:28:13,242 - INFO - 字段不足: |predator/'predata(r)/n. 捕食者|NULL|-1|NULL|
2025-07-29 22:28:13,243 - INFO - 字段不足: |predict/prr'drkt/vt. 预测，预言|NULL|-1|NULL|
2025-07-29 22:28:13,243 - INFO - 字段不足: |prediction n. 预测，预言|NULL|-1|NULL|
2025-07-29 22:28:13,243 - INFO - 字段不足: |prefer/prr'fe：/vt. 更喜欢，偏爱，宁愿(-
2025-07-29 22:28:13,244 - INFO - 字段不足: |pregnant/'pregnent/adj.怀孕的，妊娠的|NULL|-1|NULL|
2025-07-29 22:28:13,246 - INFO - 字段不足: |plenty of+[Cpl.][Ｕ]丰富的，充足的|NULL|-1|plenty|
2025-07-29 22:28:16,049 - INFO - 字段不足: |the plan (n.) for sth/ to do...的计划|NULL|-1|NULL|
2025-07-29 22:34:12,146 - INFO - 字段不足: |be obliged'to sb (for…….)(因…)而感激某人|NULL|-1|consider|
2025-07-29 22:34:12,147 - INFO - 字段不足: |observe'/ab'z3.v/vt.观察，注意到|NULL|0|NULL|
2025-07-29 22:34:12,147 - INFO - 字段不足: |observe ... do(全过程或经常)/|NULL|-1|observe|
2025-07-29 22:34:12,148 - INFO - 字段不足: |doing (正在做)/|NULL|-1|NULL|
2025-07-29 22:34:12,149 - INFO - 字段不足: |done(被动)/|NULL|-1|NULL|
2025-07-29 22:34:12,149 - INFO - 字段不足: |observation' n.观察，注意|NULL|0|NULL|
2025-07-29 22:34:12,149 - INFO - 字段不足: |keep sb under observation 监视某人|NULL|-1|NULL|
2025-07-29 22:34:12,150 - INFO - 字段不足: |the observation deck of the Oriental Pearl TV Tower 东方明珠的观光层|NULL|-1|NULL|
2025-07-29 22:34:12,150 - INFO - 字段不足: |observation²( n. )about ... 对(所注意到的事物)的评论|NULL|0|NULL|
2025-07-29 22:34:12,151 - INFO - 字段不足: |observer r n.观察员|NULL|0|NULL|
2025-07-29 22:34:12,151 - INFO - 字段不足: |observatory n.天文台|NULL|0|NULL|
2025-07-29 22:34:12,151 - INFO - 字段不足: |observe2~3 vt.庆祝；遵守(法律，规则等)|NULL|0|NULL|
2025-07-29 22:34:12,152 - INFO - 字段不足: |observance'-2 n.庆祝；遵守|NULL|0|NULL|
2025-07-29 22:34:12,152 - INFO - 字段不足: |obsess/ab'ses/v.痴迷，迷恋|NULL|0|NULL|
2025-07-29 22:34:12,152 - INFO - 字段不足: |be obsessed with 对……痴迷/迷恋|NULL|-1|obsess|
2025-07-29 22:34:12,152 - INFO - 字段不足: |Dbsesslom 还，还芯|NULL|0|NULL|
2025-07-29 22:34:12,153 - INFO - 字段不足: |obstacle /pbstakl/ n. 障碍|NULL|0|NULL|
2025-07-29 22:34:12,153 - INFO - 字段不足: |the obstacle to doing / sth……的障碍|NULL|-1|obstacle|
2025-07-29 22:34:12,154 - INFO - 字段不足: |obtain/ab'ten/vt. 获得，得到|NULL|0|NULL|
2025-07-29 22:34:12,154 - INFO - 字段不足: |obvious/'pbvies/ adj.明显的，显然的|NULL|0|NULL|
2025-07-29 22:34:12,154 - INFO - 字段不足: |It is obvious to all that ... 有目共睹的是…|NULL|1|NULL|
2025-07-29 22:34:12,155 - INFO - 字段不足: |occasion/a'kerz(=)n/n. 场合；时刻|NULL|0|NULL|
2025-07-29 22:34:12,155 - INFO - 字段不足: |on the occasion of ... 在……的场合/时刻|NULL|-1|occasion|
2025-07-29 22:34:12,155 - INFO - 字段不足: |on occasion 偶尔，有时，间或=|NULL|-1|NULL|
2025-07-29 22:34:12,156 - INFO - 字段不足: |occasionally adv. the occasion for ...…的时机|NULL|0|NULL|
2025-07-29 22:34:12,156 - INFO - 字段不足: |occasional !adj. 偶尔的，不经常的|NULL|0|NULL|
2025-07-29 22:34:12,156 - INFO - 字段不足: |occupy' / 'pkjupar/vt.占据，占有；使忙碌|NULL|0|NULL|
2025-07-29 22:34:12,157 - INFO - 字段不足: |be occupied with sth，be occupied ( in) doing 忙|NULL|-1|occupy|
2025-07-29 22:34:12,157 - INFO - 字段不足: |occupation1~2 n.占据，占有；职业，工作|NULL|0|NULL|
2025-07-29 22:34:12,158 - INFO - 字段不足: |occur'/ a'ke：/vi.发生(-rT-)|NULL|0|NULL|
2025-07-29 22:34:12,158 - INFO - 字段不足: |occurrence n.发生|NULL|0|NULL|
2025-07-29 22:34:12,159 - INFO - 字段不足: |It occurs' to sb that ...， sth occurs'to sb. 某人(突然)想到……|NULL|1|NULL|
2025-07-29 22:34:12,159 - INFO - 字段不足: |odd / pd/ adj. 奇怪的；奇数的；零散的(工作)|NULL|0|NULL|
2025-07-29 22:34:12,159 - INFO - 字段不足: |do odd jobs 打零工|NULL|-1|NULL|
2025-07-29 22:34:12,160 - INFO - 字段不足: |odds/pdz/n.[pl.]可能性|NULL|0|NULL|
2025-07-29 22:34:12,160 - INFO - 字段不足: |at odds with …. 与……不一致|NULL|-1|odds|
2025-07-29 22:34:12,161 - INFO - 字段不足: |offend'/ 'fend/ vt. 触怒，得罪，冒犯|NULL|0|NULL|
2025-07-29 22:34:12,161 - INFO - 字段不足: |offence n n.冒犯，得罪|NULL|0|NULL|
2025-07-29 22:34:12,162 - INFO - 字段不足: |mean no offence 没有冒犯之意|NULL|-1|NULL|
2025-07-29 22:34:12,162 - INFO - 字段不足: |take offence at sth 对( 某事)生气|NULL|-1|NULL|
2025-07-29 22:34:12,163 - INFO - 字段不足: |offensive adj、冒犯人的|NULL|0|NULL|
2025-07-29 22:34:12,163 - INFO - 字段不足: |offend vi、犯罪，违法|NULL|0|NULL|
2025-07-29 22:34:12,163 - INFO - 字段不足: |offence² n n.犯罪行为，违法行为|NULL|0|NULL|
2025-07-29 22:34:12,164 - INFO - 字段不足: |offend(v.)against ... 有悖于(道德，人情)|NULL|-1|NULL|
2025-07-29 22:34:12,164 - INFO - 字段不足: |offer'/'pfa/ vt. / n.提供|NULL|0|NULL|
2025-07-29 22:34:12,165 - INFO - 字段不足: |offer sb sth/ sth to sb 提供某人某物|NULL|-1|offer|
2025-07-29 22:34:12,166 - INFO - 字段不足: |take the job offer 接受这份工作|NULL|1|NULL|
2025-07-29 22:34:12,166 - INFO - 字段不足: |the offerings (n.) of the natural world 自然世界的馈赠|NULL|-1|NULL|
2025-07-29 22:34:12,167 - INFO - 字段不足: |offer ( v. ) to do 主动提出做……|NULL|-1|offer|
2025-07-29 22:34:12,168 - INFO - 字段不足: |open(v.)，be open (adj.) 表示“开着的状态”|NULL|1|NULL|
2025-07-29 22:34:12,168 - INFO - 字段不足: |open(v.)，be opened (被动) 表示“开的动作”|NULL|1|NULL|
2025-07-29 22:36:05,326 - INFO - 字段不足: |Dbsesslom 还，还芯|NULL|0|NULL|
2025-07-29 22:36:25,878 - INFO - 字段不足: |take the place of ... [动词性]代替……|NULL|-1|NULL|
2025-07-29 22:36:25,879 - INFO - 字段不足: |in place of ... [介词性]代替……|NULL|-1|NULL|
2025-07-29 22:36:25,879 - INFO - 字段不足: |the plan (n.) for sth/ to do…的计划|NULL|-1|NULL|
2025-07-29 22:36:25,881 - INFO - 字段不足: |in one's prime'(n.)正值壮年|NULL|-1|prime|
2025-07-29 22:36:25,884 - INFO - 字段不足: |piano|钢琴(复数：~
2025-07-29 22:36:25,885 - INFO - 字段不足: |persist in(固执/执着地)坚持做…|NULL|-1|persist|
2025-07-29 22:36:25,886 - INFO - 字段不足: |practitionern.实践者，专门人才；(医学或法律)从业人员|NULL|-1|practise|
2025-07-29 22:36:25,886 - INFO - 字段不足: |prayer n. 祈祷者|NULL|-1|NULL|
2025-07-29 22:36:25,887 - INFO - 字段不足: |precious/'prefes/adj.宝贵的，珍贵的|NULL|-1|NULL|
2025-07-29 22:36:25,887 - INFO - 字段不足: |precise / pri'sais/ adj.精确的，准确的|NULL|-1|NULL|
2025-07-29 22:36:25,887 - INFO - 字段不足: |predator/'predata(r)/n. 捕食者|NULL|-1|NULL|
2025-07-29 22:36:25,888 - INFO - 字段不足: |predict/prr'drkt/vt. 预测，预言|NULL|-1|NULL|
2025-07-29 22:36:25,888 - INFO - 字段不足: |prediction n. 预测，预言|NULL|-1|NULL|
2025-07-29 22:36:25,889 - INFO - 字段不足: |prefer/prr'fe：/vt. 更喜欢，偏爱，宁愿(-
2025-07-29 22:36:25,889 - INFO - 字段不足: |pregnant/'pregnent/adj.怀孕的，妊娠的|NULL|-1|NULL|
2025-07-29 22:36:25,891 - INFO - 字段不足: |plenty of+[Cpl.][Ｕ]丰富的，充足的|NULL|-1|plenty|
